<?xml version="1.0" encoding="UTF-8"?>
<!-- Generated by org.testng.reporters.JUnitXMLReporter -->
<testsuite ignored="0" hostname="DESKTOP-8LSLP67" failures="0" tests="6" name="Default test" time="12.974" errors="0" timestamp="2024-08-22T18:12:10 IST">
  <testcase classname="api.test.DDTests" name="testPostuser" time="4.067"/>
  <testcase classname="api.test.DDTests" name="testPostuser" time="1.208"/>
  <testcase classname="api.test.DDTests" name="testPostuser" time="1.164"/>
  <testcase classname="api.test.DDTests" name="testDeleteUserByName" time="1.751"/>
  <testcase classname="api.test.DDTests" name="testDeleteUserByName" time="1.19"/>
  <testcase classname="api.test.DDTests" name="testDeleteUserByName" time="1.18"/>
</testsuite> <!-- Default test -->
