<?xml version="1.0" encoding="UTF-8"?>
<!-- Generated by org.testng.reporters.JUnitXMLReporter -->
<testsuite ignored="0" hostname="DESKTOP-8LSLP67" failures="0" tests="4" name="PetTest" time="17.62" errors="0" timestamp="2024-10-21T02:36:07 IST">
  <testcase classname="api.test.UserTests2" name="testPostUser" time="7.474"/>
  <testcase classname="api.test.UserTests2" name="testGetUserByName" time="1.198"/>
  <testcase classname="api.test.UserTests2" name="testUpdateUserByName" time="2.301"/>
  <testcase classname="api.test.UserTests2" name="testDeleteUserByName" time="1.14"/>
</testsuite> <!-- PetTest -->
