<?xml version="1.0" encoding="UTF-8"?>
<!-- Generated by org.testng.reporters.JUnitXMLReporter -->
<testsuite ignored="0" hostname="DESKTOP-8LSLP67" failures="0" tests="4" name="PetTest" time="9.943" errors="0" timestamp="2024-08-22T23:38:58 IST">
  <testcase classname="api.test.UserTests2" name="testPostUser" time="3.601"/>
  <testcase classname="api.test.UserTests2" name="testGetUserByName" time="1.191"/>
  <testcase classname="api.test.UserTests2" name="testUpdateUserByName" time="2.311"/>
  <testcase classname="api.test.UserTests2" name="testDeleteUserByName" time="1.208"/>
</testsuite> <!-- PetTest -->
